<?xml version="1.0" encoding="UTF-8"?>
<!-- Generated by org.testng.reporters.JUnitReportReporter -->
<testsuite hostname="Aruns-MacBook-Air.local" failures="0" tests="2" name="arun.test.SampleTest" time="35.471" errors="0" timestamp="2025-04-05T12:38:15 IST" skipped="0">
  <testcase classname="arun.test.SampleTest" name="SampleErrorValidation" time="21.023"/>
  <testcase classname="arun.test.SampleTest" name="faceBook" time="14.448"/>
</testsuite> <!-- arun.test.SampleTest -->
