<?xml version="1.0" encoding="UTF-8"?>
<!-- Generated by org.testng.reporters.JUnitReportReporter -->
<testsuite hostname="Aruns-MacBook-Air.local" failures="0" tests="2" name="arun.test.ErrorValidationTest" time="40.278" errors="0" timestamp="2025-04-05T12:05:21 IST" skipped="0">
  <testcase classname="arun.test.ErrorValidationTest" name="erroValidate" time="19.499"/>
  <testcase classname="arun.test.ErrorValidationTest" name="erroValidate" time="20.779"/>
</testsuite> <!-- arun.test.ErrorValidationTest -->
