<?xml version="1.0" encoding="UTF-8"?>
<!-- Generated by org.testng.reporters.JUnitReportReporter -->
<testsuite hostname="Aruns-MacBook-Air.local" failures="0" tests="1" name="arun.test.Sample" time="7.701" errors="0" timestamp="2025-04-04T10:09:28 IST" skipped="0">
  <testcase classname="arun.test.Sample" name="jio" time="7.701"/>
</testsuite> <!-- arun.test.Sample -->
