<?xml version="1.0" encoding="UTF-8"?>
<!-- Generated by org.testng.reporters.JUnitReportReporter -->
<testsuite hostname="Aruns-MacBook-Air.local" failures="0" tests="2" name="arun.test.SampleTest" time="25.885" errors="0" timestamp="2025-04-08T19:34:02 IST" skipped="0">
  <testcase classname="arun.test.SampleTest" name="faceBook" time="7.450"/>
  <testcase classname="arun.test.SampleTest" name="SampleErrorValidation" time="18.435"/>
</testsuite> <!-- arun.test.SampleTest -->
