<?xml version="1.0" encoding="UTF-8"?>
<!-- Generated by org.testng.reporters.JUnitReportReporter -->
<testsuite hostname="Aruns-MacBook-Air.local" failures="0" tests="2" name="arun.test.SampleTest" time="17.557" errors="0" timestamp="2025-04-05T22:26:37 IST" skipped="0">
  <testcase classname="arun.test.SampleTest" name="SampleErrorValidation" time="8.470"/>
  <testcase classname="arun.test.SampleTest" name="faceBook" time="9.087"/>
</testsuite> <!-- arun.test.SampleTest -->
