<?xml version="1.0" encoding="UTF-8"?>
<!-- Generated by org.testng.reporters.JUnitReportReporter -->
<testsuite hostname="Aruns-MacBook-Air.local" failures="0" tests="2" name="arun.test.ErrorValidationTest" time="11.542" errors="0" timestamp="2025-04-05T21:49:22 IST" skipped="0">
  <testcase classname="arun.test.ErrorValidationTest" name="erroValidate" time="5.159"/>
  <testcase classname="arun.test.ErrorValidationTest" name="erroValidate" time="6.383"/>
</testsuite> <!-- arun.test.ErrorValidationTest -->
